[    0.000000] Initializing cgroup subsys cpuset
[    0.000000] Initializing cgroup subsys cpu
[    0.000000] Initializing cgroup subsys cpuacct
[    0.000000] Linux version 4.4.0-87-generic (buildd@lcy01-31) (gcc version 5.4.0 20160609 (Ubuntu 5.4.0-6ubuntu1~16.04.4) ) #110-Ubuntu SMP Tue Jul 18 12:55:35 UTC 2017 (Ubuntu 4.4.0-87.110-generic 4.4.73)
[    0.000000] Command line: BOOT_IMAGE=/boot/vmlinuz-4.4.0-87-generic root=LABEL=cloudimg-rootfs ro console=tty1 console=ttyS0
[    0.000000] KERNEL supported cpus:
[    0.000000]   Intel GenuineIntel
[    0.000000]   AMD AuthenticAMD
[    0.000000]   Centaur CentaurHauls
[    0.000000] x86/fpu: Legacy x87 FPU detected.
[    0.000000] x86/fpu: Using 'lazy' FPU context switches.
[    0.000000] e820: BIOS-provided physical RAM map:
[    0.000000] BIOS-e820: [mem 0x0000000000000000-0x000000000009fbff] usable
[    0.000000] BIOS-e820: [mem 0x000000000009fc00-0x000000000009ffff] reserved
[    0.000000] BIOS-e820: [mem 0x00000000000f0000-0x00000000000fffff] reserved
[    0.000000] BIOS-e820: [mem 0x0000000000100000-0x000000003ffeffff] usable
[    0.000000] BIOS-e820: [mem 0x000000003fff0000-0x000000003fffffff] ACPI data
[    0.000000] BIOS-e820: [mem 0x00000000fffc0000-0x00000000ffffffff] reserved
[    0.000000] NX (Execute Disable) protection: active
[    0.000000] SMBIOS 2.5 present.
[    0.000000] Hypervisor detected: KVM
[    0.000000] e820: last_pfn = 0x3fff0 max_arch_pfn = 0x400000000
[    0.000000] MTRR: Disabled
[    0.000000] x86/PAT: MTRRs disabled, skipping PAT initialization too.
[    0.000000] x86/PAT: Configuration [0-7]: WB  WT  UC- UC  WB  WT  UC- UC  
[    0.000000] CPU MTRRs all blank - virtualized system.
[    0.000000] found SMP MP-table at [mem 0x0009fff0-0x0009ffff] mapped at [ffff88000009fff0]
[    0.000000] Scanning 1 areas for low memory corruption
[    0.000000] RAMDISK: [mem 0x36ade000-0x37566fff]
[    0.000000] ACPI: Early table checksum verification disabled
[    0.000000] ACPI: RSDP 0x00000000000E0000 000024 (v02 VBOX  )
[    0.000000] ACPI: XSDT 0x000000003FFF0030 00003C (v01 VBOX   VBOXXSDT 00000001 ASL  00000061)
[    0.000000] ACPI: FACP 0x000000003FFF00F0 0000F4 (v04 VBOX   VBOXFACP 00000001 ASL  00000061)
[    0.000000] ACPI: DSDT 0x000000003FFF0470 002118 (v01 VBOX   VBOXBIOS 00000002 INTL 20160108)
[    0.000000] ACPI: FACS 0x000000003FFF0200 000040
[    0.000000] ACPI: FACS 0x000000003FFF0200 000040
[    0.000000] ACPI: APIC 0x000000003FFF0240 00005C (v02 VBOX   VBOXAPIC 00000001 ASL  00000061)
[    0.000000] ACPI: SSDT 0x000000003FFF02A0 0001CC (v01 VBOX   VBOXCPUT 00000002 INTL 20160108)
[    0.000000] No NUMA configuration found
[    0.000000] Faking a node at [mem 0x0000000000000000-0x000000003ffeffff]
[    0.000000] NODE_DATA(0) allocated [mem 0x3ffeb000-0x3ffeffff]
[    0.000000] kvm-clock: Using msrs 4b564d01 and 4b564d00
[    0.000000] kvm-clock: cpu 0, msr 0:3ffe3001, primary cpu clock
[    0.000000] kvm-clock: using sched offset of 3685486518 cycles
[    0.000000] clocksource: kvm-clock: mask: 0xffffffffffffffff max_cycles: 0x1cd42e4dffb, max_idle_ns: 881590591483 ns
[    0.000000] Zone ranges:
[    0.000000]   DMA      [mem 0x0000000000001000-0x0000000000ffffff]
[    0.000000]   DMA32    [mem 0x0000000001000000-0x000000003ffeffff]
[    0.000000]   Normal   empty
[    0.000000]   Device   empty
[    0.000000] Movable zone start for each node
[    0.000000] Early memory node ranges
[    0.000000]   node   0: [mem 0x0000000000001000-0x000000000009efff]
[    0.000000]   node   0: [mem 0x0000000000100000-0x000000003ffeffff]
[    0.000000] Initmem setup node 0 [mem 0x0000000000001000-0x000000003ffeffff]
[    0.000000] ACPI: PM-Timer IO Port: 0x4008
[    0.000000] IOAPIC[0]: apic_id 2, version 17, address 0xfec00000, GSI 0-23
[    0.000000] ACPI: INT_SRC_OVR (bus 0 bus_irq 0 global_irq 2 dfl dfl)
[    0.000000] ACPI: INT_SRC_OVR (bus 0 bus_irq 9 global_irq 9 high level)
[    0.000000] Using ACPI (MADT) for SMP configuration information
[    0.000000] smpboot: Allowing 2 CPUs, 0 hotplug CPUs
[    0.000000] PM: Registered nosave memory: [mem 0x00000000-0x00000fff]
[    0.000000] PM: Registered nosave memory: [mem 0x0009f000-0x0009ffff]
[    0.000000] PM: Registered nosave memory: [mem 0x000a0000-0x000effff]
[    0.000000] PM: Registered nosave memory: [mem 0x000f0000-0x000fffff]
[    0.000000] e820: [mem 0x40000000-0xfffbffff] available for PCI devices
[    0.000000] Booting paravirtualized kernel on KVM
[    0.000000] clocksource: refined-jiffies: mask: 0xffffffff max_cycles: 0xffffffff, max_idle_ns: 7645519600211568 ns
[    0.000000] setup_percpu: NR_CPUS:512 nr_cpumask_bits:512 nr_cpu_ids:2 nr_node_ids:1
[    0.000000] PERCPU: Embedded 33 pages/cpu @ffff88003fc00000 s98264 r8192 d28712 u1048576
[    0.000000] PV qspinlock hash table entries: 256 (order: 0, 4096 bytes)
[    0.000000] Built 1 zonelists in Node order, mobility grouping on.  Total pages: 257913
[    0.000000] Policy zone: DMA32
[    0.000000] Kernel command line: BOOT_IMAGE=/boot/vmlinuz-4.4.0-87-generic root=LABEL=cloudimg-rootfs ro console=tty1 console=ttyS0
[    0.000000] PID hash table entries: 4096 (order: 3, 32768 bytes)
[    0.000000] Memory: 1001788K/1048120K available (8474K kernel code, 1293K rwdata, 3984K rodata, 1488K init, 1316K bss, 46332K reserved, 0K cma-reserved)
[    0.000000] SLUB: HWalign=64, Order=0-3, MinObjects=0, CPUs=2, Nodes=1
[    0.000000] Hierarchical RCU implementation.
[    0.000000] 	Build-time adjustment of leaf fanout to 64.
[    0.000000] 	RCU restricting CPUs from NR_CPUS=512 to nr_cpu_ids=2.
[    0.000000] RCU: Adjusting geometry for rcu_fanout_leaf=64, nr_cpu_ids=2
[    0.000000] NR_IRQS:33024 nr_irqs:440 16
[    0.000000] Console: colour VGA+ 80x25
[    0.000000] console [tty1] enabled
[    0.000000] console [ttyS0] enabled
[    0.000000] tsc: Detected 1599.947 MHz processor
[    0.757504] Calibrating delay loop (skipped) preset value.. 3199.89 BogoMIPS (lpj=6399788)
[    0.764022] pid_max: default: 32768 minimum: 301
[    0.767737] ACPI: Core revision 20150930
[    0.773408] ACPI: 2 ACPI AML tables successfully acquired and loaded
[    0.779078] Security Framework initialized
[    0.782293] Yama: becoming mindful.
[    0.785045] AppArmor: AppArmor initialized
[    0.788411] Dentry cache hash table entries: 131072 (order: 8, 1048576 bytes)
[    0.793896] Inode-cache hash table entries: 65536 (order: 7, 524288 bytes)
[    0.800297] Mount-cache hash table entries: 2048 (order: 2, 16384 bytes)
[    0.805303] Mountpoint-cache hash table entries: 2048 (order: 2, 16384 bytes)
[    0.810954] Initializing cgroup subsys io
[    0.814685] Initializing cgroup subsys memory
[    0.817957] Initializing cgroup subsys devices
[    0.821433] Initializing cgroup subsys freezer
[    0.824823] Initializing cgroup subsys net_cls
[    0.828215] Initializing cgroup subsys perf_event
[    0.831765] Initializing cgroup subsys net_prio
[    0.835180] Initializing cgroup subsys hugetlb
[    0.838543] Initializing cgroup subsys pids
[    0.841948] CPU: Physical Processor ID: 0
[    0.845070] CPU: Processor Core ID: 0
[    0.854188] mce: CPU supports 0 MCE banks
[    0.857433] Last level iTLB entries: 4KB 48, 2MB 0, 4MB 0
[    0.861571] Last level dTLB entries: 4KB 256, 2MB 16, 4MB 16, 1GB 0
[    0.870775] Freeing SMP alternatives memory: 32K (ffffffff820b9000 - ffffffff820c1000)
[    0.898777] ftrace: allocating 32128 entries in 126 pages
[    1.013798] smpboot: APIC(0) Converting physical 0 to logical package 0
[    1.024103] smpboot: Max logical packages: 1
[    1.030289] ..TIMER: vector=0x30 apic1=0 pin1=2 apic2=-1 pin2=-1
[    1.142335] smpboot: CPU0: Intel(R) Celeron(R) CPU  N3060  @ 1.60GHz (family: 0x6, model: 0x4c, stepping: 0x4)
[    1.150040] Performance Events: unsupported p6 CPU model 76 no PMU driver, software events only.
[    1.156926] KVM setup paravirtual spinlock
[    1.161715] x86: Booting SMP configuration:
[    1.165009] .... node  #0, CPUs:      #1
[    1.181467] kvm-clock: cpu 1, msr 0:3ffe3041, secondary cpu clock
[    1.190585] mce: CPU supports 0 MCE banks
[    1.197995] x86: Booted up 1 node, 2 CPUs
[    1.217380] smpboot: Total of 2 processors activated (6399.78 BogoMIPS)
[    1.245880] devtmpfs: initialized
[    1.270507] evm: security.selinux
[    1.285555] evm: security.SMACK64
[    1.290729] evm: security.SMACK64EXEC
[    1.319044] evm: security.SMACK64TRANSMUTE
[    1.336427] evm: security.SMACK64MMAP
[    1.340072] evm: security.ima
[    1.347178] evm: security.capability
[    1.363564] clocksource: jiffies: mask: 0xffffffff max_cycles: 0xffffffff, max_idle_ns: 7645041785100000 ns
[    1.385601] futex hash table entries: 512 (order: 3, 32768 bytes)
[    1.416996] pinctrl core: initialized pinctrl subsystem
[    1.421402] RTC time: 22:21:53, date: 07/30/17
[    1.428138] NET: Registered protocol family 16
[    1.444626] cpuidle: using governor ladder
[    1.466620] cpuidle: using governor menu
[    1.476579] PCCT header not found.
[    1.488100] ACPI: bus type PCI registered
[    1.492988] acpiphp: ACPI Hot Plug PCI Controller Driver version: 0.5
[    1.508210] PCI: Using configuration type 1 for base access
[    1.541129] ACPI: Added _OSI(Module Device)
[    1.561156] ACPI: Added _OSI(Processor Device)
[    1.570936] ACPI: Added _OSI(3.0 _SCP Extensions)
[    1.583442] ACPI: Added _OSI(Processor Aggregator Device)
[    1.671478] ACPI: Executed 1 blocks of module-level executable AML code
[    1.771110] ACPI: Interpreter enabled
[    1.801032] ACPI: (supports S0 S5)
[    1.804724] ACPI: Using IOAPIC for interrupt routing
[    1.824184] PCI: Using host bridge windows from ACPI; if necessary, use "pci=nocrs" and report a bug
[    1.855970] ACPI: PCI Root Bridge [PCI0] (domain 0000 [bus 00-ff])
[    1.874144] acpi PNP0A03:00: _OSC: OS supports [ASPM ClockPM Segments MSI]
[    1.890724] acpi PNP0A03:00: _OSC failed (AE_NOT_FOUND); disabling ASPM
[    1.899238] acpi PNP0A03:00: fail to add MMCONFIG information, can't access extended PCI configuration space under this bridge.
[    1.914060] PCI host bridge to bus 0000:00
[    1.931282] pci_bus 0000:00: root bus resource [io  0x0000-0x0cf7 window]
[    1.936378] pci_bus 0000:00: root bus resource [io  0x0d00-0xffff window]
[    1.951475] pci_bus 0000:00: root bus resource [mem 0x000a0000-0x000bffff window]
[    1.971473] pci_bus 0000:00: root bus resource [mem 0x40000000-0xffdfffff window]
[    1.977681] pci_bus 0000:00: root bus resource [bus 00-ff]
[    1.993577] pci 0000:00:01.1: legacy IDE quirk: reg 0x10: [io  0x01f0-0x01f7]
[    1.998711] pci 0000:00:01.1: legacy IDE quirk: reg 0x14: [io  0x03f6]
[    2.003443] pci 0000:00:01.1: legacy IDE quirk: reg 0x18: [io  0x0170-0x0177]
[    2.008454] pci 0000:00:01.1: legacy IDE quirk: reg 0x1c: [io  0x0376]
[    2.092975] ACPI: PCI Interrupt Link [LNKA] (IRQs 5 9 10 11) *0, disabled.
[    2.099843] ACPI: PCI Interrupt Link [LNKB] (IRQs 5 9 10 *11)
[    2.105191] ACPI: PCI Interrupt Link [LNKC] (IRQs 5 9 *10 11)
[    2.110858] ACPI: PCI Interrupt Link [LNKD] (IRQs 5 *9 10 11)
[    2.116348] ACPI: Enabled 2 GPEs in block 00 to 07
[    2.121149] vgaarb: setting as boot device: PCI:0000:00:02.0
[    2.125303] vgaarb: device added: PCI:0000:00:02.0,decodes=io+mem,owns=io+mem,locks=none
[    2.131465] vgaarb: loaded
[    2.133742] vgaarb: bridge control possible 0000:00:02.0
[    2.138239] SCSI subsystem initialized
[    2.141961] ACPI: bus type USB registered
[    2.145184] usbcore: registered new interface driver usbfs
[    2.149242] usbcore: registered new interface driver hub
[    2.180636] usbcore: registered new device driver usb
[    2.186717] PCI: Using ACPI for IRQ routing
[    2.190695] NetLabel: Initializing
[    2.193425] NetLabel:  domain hash size = 128
[    2.196793] NetLabel:  protocols = UNLABELED CIPSOv4
[    2.200525] NetLabel:  unlabeled traffic allowed by default
[    2.205096] amd_nb: Cannot enumerate AMD northbridges
[    2.209044] clocksource: Switched to clocksource kvm-clock
[    2.227745] AppArmor: AppArmor Filesystem Enabled
[    2.231694] pnp: PnP ACPI init
[    2.236075] pnp: PnP ACPI: found 3 devices
[    2.261857] clocksource: acpi_pm: mask: 0xffffff max_cycles: 0xffffff, max_idle_ns: 2085701024 ns
[    2.269045] NET: Registered protocol family 2
[    2.272876] TCP established hash table entries: 8192 (order: 4, 65536 bytes)
[    2.278518] TCP bind hash table entries: 8192 (order: 5, 131072 bytes)
[    2.289787] TCP: Hash tables configured (established 8192 bind 8192)
[    2.294805] UDP hash table entries: 512 (order: 2, 16384 bytes)
[    2.299081] UDP-Lite hash table entries: 512 (order: 2, 16384 bytes)
[    2.303707] NET: Registered protocol family 1
[    2.307071] pci 0000:00:00.0: Limiting direct PCI/PCI transfers
[    2.311357] pci 0000:00:01.0: Activating ISA DMA hang workarounds
[    2.317421] Unpacking initramfs...
[    5.782442] Freeing initrd memory: 10788K (ffff880036ade000 - ffff880037567000)
[    5.788873] platform rtc_cmos: registered platform RTC device (no PNP device found)
[    5.795717] Scanning for low memory corruption every 60 seconds
[    5.808236] audit: initializing netlink subsys (disabled)
[    5.817785] audit: type=2000 audit(1501453320.882:1): initialized
[    5.823594] Initialise system trusted keyring
[    5.832028] HugeTLB registered 2 MB page size, pre-allocated 0 pages
[    5.839578] zbud: loaded
[    5.843089] VFS: Disk quotas dquot_6.6.0
[    5.846991] VFS: Dquot-cache hash table entries: 512 (order 0, 4096 bytes)
[    5.852455] squashfs: version 4.0 (2009/01/31) Phillip Lougher
[    5.858366] fuse init (API version 7.23)
[    5.862693] Key type big_key registered
[    5.865849] Allocating IMA MOK and blacklist keyrings.
[    5.890996] Key type asymmetric registered
[    5.901790] Asymmetric key parser 'x509' registered
[    5.905960] Block layer SCSI generic (bsg) driver version 0.4 loaded (major 249)
[    5.913986] io scheduler noop registered
[    5.924786] io scheduler deadline registered (default)
[    5.928772] io scheduler cfq registered
[    5.932256] pci_hotplug: PCI Hot Plug PCI Core version: 0.5
[    5.936555] pciehp: PCI Express Hot Plug Controller Driver version: 0.4
[    5.941638] ACPI: AC Adapter [AC] (on-line)
[    5.946292] input: Power Button as /devices/LNXSYSTM:00/LNXPWRBN:00/input/input0
[    5.952248] ACPI: Power Button [PWRF]
[    5.955681] input: Sleep Button as /devices/LNXSYSTM:00/LNXSLPBN:00/input/input1
[    5.961519] ACPI: Sleep Button [SLPF]
[    5.968111] ACPI: Battery Slot [BAT0] (battery present)
[    5.972413] GHES: HEST is not enabled!
[    5.976703] Serial: 8250/16550 driver, 32 ports, IRQ sharing enabled
[    6.015163] 00:02: ttyS0 at I/O 0x3f8 (irq = 4, base_baud = 115200) is a 16550A
[    6.052417] Linux agpgart interface v0.103
[    6.063192] loop: module loaded
[    6.067404] scsi host0: ata_piix
[    6.070813] scsi host1: ata_piix
[    6.073615] ata1: PATA max UDMA/33 cmd 0x1f0 ctl 0x3f6 bmdma 0xd000 irq 14
[    6.078429] ata2: PATA max UDMA/33 cmd 0x170 ctl 0x376 bmdma 0xd008 irq 15
[    6.083440] libphy: Fixed MDIO Bus: probed
[    6.086770] tun: Universal TUN/TAP device driver, 1.6
[    6.090460] tun: (C) 1999-2004 Max Krasnyansky <maxk@qualcomm.com>
[    6.095762] PPP generic driver version 2.4.2
[    6.100555] ehci_hcd: USB 2.0 'Enhanced' Host Controller (EHCI) Driver
[    6.105537] ehci-pci: EHCI PCI platform driver
[    6.108879] ehci-platform: EHCI generic platform driver
[    6.112786] ohci_hcd: USB 1.1 'Open' Host Controller (OHCI) Driver
[    6.117259] ohci-pci: OHCI PCI platform driver
[    6.120863] ohci-platform: OHCI generic platform driver
[    6.124793] uhci_hcd: USB Universal Host Controller Interface driver
[    6.129552] i8042: PNP: PS/2 Controller [PNP0303:PS2K,PNP0f03:PS2M] at 0x60,0x64 irq 1,12
[    6.136607] serio: i8042 KBD port at 0x60,0x64 irq 1
[    6.140324] serio: i8042 AUX port at 0x60,0x64 irq 12
[    6.144744] mousedev: PS/2 mouse device common for all mice
[    6.149953] input: AT Translated Set 2 keyboard as /devices/platform/i8042/serio0/input/input2
[    6.157371] rtc_cmos rtc_cmos: rtc core: registered rtc_cmos as rtc0
[    6.162076] rtc_cmos rtc_cmos: alarms up to one day, 114 bytes nvram
[    6.166564] i2c /dev entries driver
[    6.169395] device-mapper: uevent: version 1.0.3
[    6.173377] device-mapper: ioctl: 4.34.0-ioctl (2015-10-28) initialised: dm-devel@redhat.com
[    6.179683] ledtrig-cpu: registered to indicate activity on CPUs
[    6.185687] NET: Registered protocol family 10
[    6.189663] NET: Registered protocol family 17
[    6.193071] Key type dns_resolver registered
[    6.197598] microcode: CPU0 sig=0x406c4, pf=0x8, revision=0x0
[    6.203023] microcode: CPU1 sig=0x406c4, pf=0x8, revision=0x0
[    6.242886] microcode: Microcode Update Driver: v2.01 <tigran@aivazian.fsnet.co.uk>, Peter Oruba
[    6.250642] registered taskstats version 1
[    6.254000] Loading compiled-in X.509 certificates
[    6.259105] Loaded X.509 cert 'Build time autogenerated kernel key: 713bc24ccc5bf0d11d706d6f5bf7187ed23f7b25'
[    6.266344] zswap: loaded using pool lzo/zbud
[    6.276650] Key type trusted registered
[    6.303069] Key type encrypted registered
[    6.313584] AppArmor: AppArmor sha1 policy hashing enabled
[    6.317579] ima: No TPM chip found, activating TPM-bypass!
[    6.321661] evm: HMAC attrs: 0x1
[    6.325332]   Magic number: 9:419:402
[    6.342935] rtc_cmos rtc_cmos: setting system clock to 2017-07-30 22:21:58 UTC (1501453318)
[    6.356199] BIOS EDD facility v0.16 2004-Jun-25, 0 devices found
[    6.374425] EDD information not available.
[    6.381090] Freeing unused kernel memory: 1488K (ffffffff81f45000 - ffffffff820b9000)
[    6.387607] Write protecting the kernel read-only data: 14336k
[    6.402183] Freeing unused kernel memory: 1756K (ffff880001849000 - ffff880001a00000)
[    6.409981] Freeing unused kernel memory: 112K (ffff880001de4000 - ffff880001e00000)
Loading, please wait...
starting version 229
[    6.488758] random: systemd-udevd: uninitialized urandom read (16 bytes read, 3 bits of entropy available)
[    6.497649] random: udevadm: uninitialized urandom read (16 bytes read, 3 bits of entropy available)
[    6.497764] random: udevadm: uninitialized urandom read (16 bytes read, 3 bits of entropy available)
[    6.500989] random: udevadm: uninitialized urandom read (16 bytes read, 3 bits of entropy available)
[    6.501151] random: udevadm: uninitialized urandom read (16 bytes read, 3 bits of entropy available)
[    6.501292] random: udevadm: uninitialized urandom read (16 bytes read, 3 bits of entropy available)
[    6.501433] random: udevadm: uninitialized urandom read (16 bytes read, 3 bits of entropy available)
[    6.503526] random: udevadm: uninitialized urandom read (16 bytes read, 3 bits of entropy available)
[    6.503697] random: udevadm: uninitialized urandom read (16 bytes read, 3 bits of entropy available)
[    6.503983] random: udevadm: uninitialized urandom read (16 bytes read, 3 bits of entropy available)
[    6.737665] e1000: Intel(R) PRO/1000 Network Driver - version 7.3.21-k8-NAPI
[    6.742819] e1000: Copyright (c) 1999-2006 Intel Corporation.
[    6.773103] Fusion MPT base driver 3.04.20
[    6.796281] Copyright (c) 1999-2008 LSI Corporation
[    6.836254] tsc: Refined TSC clocksource calibration: 1599.836 MHz
[    6.840867] clocksource: tsc: mask: 0xffffffffffffffff max_cycles: 0x170f8a127ae, max_idle_ns: 440795274457 ns
[    6.902567] SSE version of gcm_enc/dec engaged.
[    6.970245] Fusion MPT SPI Host driver 3.04.20
[    7.133857] input: ImExPS/2 Generic Explorer Mouse as /devices/platform/i8042/serio1/input/input4
[    7.878664] e1000 0000:00:03.0 eth0: (PCI:33MHz:32-bit) 02:7c:0d:b7:c3:2b
[    8.239598] e1000 0000:00:03.0 eth0: Intel(R) PRO/1000 Network Connection
[    8.334828] mptbase: ioc0: Initiating bringup
[    8.526351] ioc0: LSI53C1030 A0: Capabilities={Initiator}
[    8.823733] scsi host2: ioc0: LSI53C1030 A0, FwRev=00000000h, Ports=1, MaxQ=256, IRQ=20
[    9.081505] scsi 2:0:0:0: Direct-Access     VBOX     HARDDISK         1.0  PQ: 0 ANSI: 5
[    9.103399] scsi target2:0:0: Beginning Domain Validation
[    9.229536] scsi target2:0:0: Domain Validation skipping write tests
[    9.253845] scsi target2:0:0: Ending Domain Validation
[    9.266144] scsi target2:0:0: asynchronous
[    9.286501] scsi 2:0:1:0: Direct-Access     VBOX     HARDDISK         1.0  PQ: 0 ANSI: 5
[    9.311845] scsi target2:0:1: Beginning Domain Validation
[    9.365315] scsi target2:0:1: Domain Validation skipping write tests
[    9.369824] scsi target2:0:1: Ending Domain Validation
[    9.387770] scsi target2:0:1: asynchronous
[    9.435094] sd 2:0:0:0: Attached scsi generic sg0 type 0
[    9.439632] sd 2:0:1:0: Attached scsi generic sg1 type 0
[    9.447316] sd 2:0:1:0: [sdb] 20480 512-byte logical blocks: (10.5 MB/10.0 MiB)
[    9.475203] sd 2:0:0:0: [sda] 20971520 512-byte logical blocks: (10.7 GB/10.0 GiB)
[    9.544226] sd 2:0:1:0: [sdb] Write Protect is off
[    9.568507] sd 2:0:1:0: [sdb] Incomplete mode parameter data
[    9.578131] sd 2:0:1:0: [sdb] Assuming drive cache: write through
[    9.583364] sd 2:0:0:0: [sda] Write Protect is off
[    9.589300] sd 2:0:0:0: [sda] Incomplete mode parameter data
[    9.670974] sd 2:0:0:0: [sda] Assuming drive cache: write through
[    9.729477] sd 2:0:1:0: [sdb] Attached SCSI disk
[    9.777582]  sda: sda1
[    9.782723] sd 2:0:0:0: [sda] Attached SCSI disk
[    9.811911] e1000 0000:00:08.0 eth1: (PCI:33MHz:32-bit) 08:00:27:f1:e5:3f
[    9.816800] e1000 0000:00:08.0 eth1: Intel(R) PRO/1000 Network Connection
[    9.826366] e1000 0000:00:03.0 enp0s3: renamed from eth0
[    9.843143] e1000 0000:00:08.0 enp0s8: renamed from eth1
[    9.861951] floppy0: no floppy controllers found
Begin: Loading e[   12.012267] md: linear personality registered for level -1
ssential drivers[   12.055934] md: multipath personality registered for level -4
 ... [   12.320748] md: raid0 personality registered for level 0
[   12.570926] md: raid1 personality registered for level 1
[   12.702599] raid6: sse2x1   gen()   749 MB/s
[   12.769816] raid6: sse2x1   xor()  2494 MB/s
[   12.837140] raid6: sse2x2   gen()   916 MB/s
[   12.912006] raid6: sse2x2   xor()  3152 MB/s
[   12.981279] raid6: sse2x4   gen()   963 MB/s
[   13.049191] raid6: sse2x4   xor()  1138 MB/s
[   13.052670] raid6: using algorithm sse2x4 gen() 963 MB/s
[   13.056666] raid6: .... xor() 1138 MB/s, rmw enabled
[   13.061136] raid6: using ssse3x2 recovery algorithm
[   13.071398] xor: measuring software checksum speed
[   13.122377]    prefetch64-sse: 24189.000 MB/sec
[   13.161891]    generic_sse:  6008.000 MB/sec
[   13.211243] xor: using function: prefetch64-sse (24189.000 MB/sec)
[   13.261950] async_tx: api initialized (async)
[   13.326316] md: raid6 personality registered for level 6
[   13.444446] md: raid5 personality registered for level 5
[   13.448415] md: raid4 personality registered for level 4
[   13.473360] md: raid10 personality registered for level 10
done.
Begin: Running /scripts/init-premount ... done.
Begin: Mounting root file system ... Begin: Running /scripts/local-top ... done.
Begin: Running /scripts/local-premount ... [   13.572916] Btrfs loaded
Scanning for Btrfs filesystems
done.
Warning: fsck not present, so skipping root file system
[   13.872168] EXT4-fs (sda1): mounted filesystem with ordered data mode. Opts: (null)
done.
Begin: Running /scripts/local-bottom ... done.
Begin: Running /scripts/init-bottom ... done.
[   14.211175] systemd[1]: systemd 229 running in system mode. (+PAM +AUDIT +SELINUX +IMA +APPARMOR +SMACK +SYSVINIT +UTMP +LIBCRYPTSETUP +GCRYPT +GNUTLS +ACL +XZ -LZ4 +SECCOMP +BLKID +ELFUTILS +KMOD -IDN)
[   14.248163] systemd[1]: Detected virtualization oracle.
[   14.264644] systemd[1]: Detected architecture x86-64.

Welcome to [1mUbuntu 16.04.2 LTS[0m!

[   14.347280] systemd[1]: Set hostname to <ubuntu>.
[   14.382354] systemd[1]: Initializing machine ID from random generator.
[   14.390159] systemd[1]: Installed transient /etc/machine-id file.
[   14.767106] systemd[1]: Listening on Journal Audit Socket.
[[0;32m  OK  [0m] Listening on Journal Audit Socket.
[   14.927954] systemd[1]: Listening on Journal Socket.
[[0;32m  OK  [0m] Listening on Journal Socket.
[   14.950772] systemd[1]: Listening on LVM2 poll daemon socket.
[[0;32m  OK  [0m] Listening on LVM2 poll daemon socket.
[   15.048412] systemd[1]: Listening on Device-mapper event daemon FIFOs.
[[0;32m  OK  [0m] Listening on Device-mapper event daemon FIFOs.
[   15.361697] systemd[1]: Started Forward Password Requests to Wall Directory Watch.
[[0;32m  OK  [0m] Started Forward Password Requests to Wall Directory Watch.
[   15.389564] systemd[1]: Listening on udev Control Socket.
[[0;32m  OK  [0m] Listening on udev Control Socket.
[   15.406765] systemd[1]: Listening on Syslog Socket.
[[0;32m  OK  [0m] Listening on Syslog Socket.
[   15.426084] systemd[1]: Listening on udev Kernel Socket.
[[0;32m  OK  [0m] Listening on udev Kernel Socket.
[   15.446081] systemd[1]: Created slice User and Session Slice.
[[0;32m  OK  [0m] Created slice User and Session Slice.
[   15.466525] systemd[1]: Reached target User and Group Name Lookups.
[[0;32m  OK  [0m] Reached target User and Group Name Lookups.
[   15.486620] systemd[1]: Listening on /dev/initctl Compatibility Named Pipe.
[[0;32m  OK  [0m] Listening on /dev/initctl Compatibility Named Pipe.
[   15.514241] systemd[1]: Created slice System Slice.
[[0;32m  OK  [0m] Created slice System Slice.
[   15.802311] systemd[1]: Mounting POSIX Message Queue File System...
[   15.947808] random: nonblocking pool is initialized
         Mounting POSIX Message Queue File System...
[   16.334513] systemd[1]: Created slice system-serial\x2dgetty.slice.
[[0;32m  OK  [0m] Created slice system-serial\x2dgetty.slice.
[   16.369885] systemd[1]: Mounting Huge Pages File System...
         Mounting Huge Pages File System...
[   16.418152] systemd[1]: Starting Uncomplicated firewall...
         Starting Uncomplicated firewall...
[   16.489958] systemd[1]: Starting Load Kernel Modules...
[   16.546040] Loading iSCSI transport class v2.0-870.
         Starting Load Kernel Modules...
[   16.556428] systemd[1]: Starting Create list of required static device nodes for the current kernel...
         Starting Create list of required st... nodes for the current kernel...[   16.658655] iscsi: registered transport (tcp)

[   16.669791] systemd[1]: Mounting Debug File System...
         Mounting Debug File System...
[   16.769415] systemd[1]: Reached target Swap.
[[0;32m  OK  [0m] Reached target Swap.
[   16.841663] systemd[1]: Starting Remount Root and Kernel File Systems...
         Starting Remount Root and Kernel File Systems...[   16.891404] EXT4-fs (sda1): re-mounted. Opts: (null)

[   17.317209] systemd[1]: Reached target Slices.
[[0;32m  OK  [0m] Reached target Slices.
[   17.326816] systemd[1]: Reached target Encrypted Volumes.
[[0;32m  OK  [0m] Reached target Encrypted Volumes.
[   17.351425] systemd[1]: Started Trigger resolvconf update for networkd DNS.
[   17.360331] iscsi: registered transport (iser)
[[0;32m  OK  [0m] Started Trigger resolvconf update for networkd DNS.
[   17.525658] systemd[1]: Starting Set console keymap...
         Starting Set console keymap...
[   17.538953] systemd[1]: Starting Nameserver information manager...
         Starting Nameserver information manager...
[   17.555070] systemd[1]: Listening on LVM2 metadata daemon socket.
[[0;32m  OK  [0m] Listening on LVM2 metadata daemon socket.
[   17.589940] systemd[1]: Starting Monitoring of LVM2 mirrors, snapshots etc. using dmeventd or progress polling...
         Starting Monitoring of LVM2 mirrors... dmeventd or progress polling...
[   17.619122] systemd[1]: Set up automount Arbitrary Executable File Formats File System Automount Point.
[[0;32m  OK  [0m] Set up automount Arbitrary Executab...ats File System Automount Point.
[   17.656844] systemd[1]: Listening on Journal Socket (/dev/log).
[[0;32m  OK  [0m] Listening on Journal Socket (/dev/log).
[   17.695472] systemd[1]: Starting Journal Service...
         Starting Journal Service...
[   17.736460] systemd[1]: Mounted Debug File System.
[[0;32m  OK  [0m] Mounted Debug File System.
[   17.790673] systemd[1]: Mounted POSIX Message Queue File System.
[[0;32m  OK  [0m] Mounted POSIX Message Queue File System.
[   17.810686] systemd[1]: Mounted Huge Pages File System.
[[0;32m  OK  [0m] Mounted Huge Pages File System.
[   17.819718] systemd[1]: Started Journal Service.
[[0;32m  OK  [0m] Started Journal Service.
[[0;32m  OK  [0m] Started Uncomplicated firewall.
[[0;32m  OK  [0m] Started Load Kernel Modules.
[[0;32m  OK  [0m] Started Create list of required sta...ce nodes for the current kernel.
[[0;32m  OK  [0m] Started Remount Root and Kernel File Systems.
[[0;32m  OK  [0m] Started Set console keymap.
[[0;32m  OK  [0m] Started Nameserver information manager.
[[0;32m  OK  [0m] Started LVM2 metadata daemon.
         Starting udev Coldplug all Devices...
         Starting Load/Save Random Seed...
         Starting Initial cloud-init job (pre-networking)...
         Starting Create Static Device Nodes in /dev...
         Starting Apply Kernel Variables...
         Mounting FUSE Control File System...
         Starting Flush Journal to Persistent Storage...
[[0;32m  OK  [0m] Mounted FUSE Control File System.
[[0;32m  OK  [0m] Started Load/Save Random Seed.
[[0;32m  OK  [0m] Started Create Static Device Nodes in /dev.
[[0;32m  OK  [0m] Started Apply Kernel Variables.
[[0;32m  OK  [0m] Started Flush Journal to Persistent Storage.
         Starting udev Kernel Device Manager...
[[0;32m  OK  [0m] Started udev Kernel Device Manager.
[[0;32m  OK  [0m] Started udev Coldplug all Devices.
[[0;32m  OK  [0m] Started Monitoring of LVM2 mirrors,...ng dmeventd or progress polling.
[[0;32m  OK  [0m] Started Dispatch Password Requests to Console Directory Watch.
[[0;32m  OK  [0m] Reached target Local File Systems (Pre).
[[0;32m  OK  [0m] Reached target Local File Systems.
         Starting Create Volatile Files and Directories...
         Starting Commit a transient machine-id on disk...
         Starting Tell Plymouth To Write Out Runtime Data...
         Starting LSB: AppArmor initialization...
         Starting Set console font and keymap...
[[0;32m  OK  [0m] Started Create Volatile Files and Directories.
[[0;32m  OK  [0m] Started Commit a transient machine-id on disk.
[[0;32m  OK  [0m] Started Tell Plymouth To Write Out Runtime Data.
         Starting Update UTMP about System Boot/Shutdown...
[[0;32m  OK  [0m] Reached target System Time Synchronized.
[[0;32m  OK  [0m] Found device /dev/ttyS0.
[[0;32m  OK  [0m] Started Update UTMP about System Boot/Shutdown.
[[0;32m  OK  [0m] Listening on Load/Save RF Kill Switch Status /dev/rfkill Watch.
[   21.892821] cloud-init[451]: Cloud-init v. 0.7.9 running 'init-local' at Sun, 30 Jul 2017 22:22:14 +0000. Up 20.56 seconds.[[0;32m  OK  [0m] Started Initial cloud-init job (pre-networking).

[[0;32m  OK  [0m] Reached target Network (Pre).
[[0;32m  OK  [0m] Started Set console font and keymap.
[[0;32m  OK  [0m] Created slice system-getty.slice.
[[0;32m  OK  [0m] Started LSB: AppArmor initialization.
         Starting Raise network interfaces...
[[0;32m  OK  [0m] Started Raise network interfaces.
[[0;32m  OK  [0m] Reached target Network.
         Starting Initial cloud-init job (metadata service crawler)...
[   28.200784] cloud-init[948]: Cloud-init v. 0.7.9 running 'init' at Sun, 30 Jul 2017 22:22:18 +0000. Up 25.32 seconds.
[   28.324133] cloud-init[948]: ci-info: +++++++++++++++++++++++++++++++++++++Net device info++++++++++++++++++++++++++++++++++++++
[   28.361559] cloud-init[948]: ci-info: +--------+-------+---------------------------+---------------+-------+-------------------+
[   28.372279] cloud-init[948]: ci-info: | Device |   Up  |          Address          |      Mask     | Scope |     Hw-Address    |
[   28.412781] cloud-init[948]: ci-info: +--------+-------+---------------------------+---------------+-------+-------------------+
[   28.514906] cloud-init[948]: ci-info: |   lo   |  True |         127.0.0.1         |   255.0.0.0   |   .   |         .         |
[   28.542601] cloud-init[948]: ci-info: |   lo   |  True |          ::1/128          |       .       |  host |         .         |[[0;32m  OK  [0m] Started Initial cloud-init job (metadata service crawler).
[[0;32m  OK  [0m] Reached target Network is Online.

[   28.600173] cloud-init[948]: ci-info: | enp0s8 | False |             .             |       .       |   .   | 08:00:27:f1:e5:3f |
[   28.601157] cloud-init[948]: ci-info: | enp0s3 |  True |         10.0.2.15         | 255.255.255.0 |   .   | 02:7c:0d:b7:c3:2b |
[   28.629105] cloud-init[948]:          Starting iSCSI initiator daemon (iscsid)...
ci-info: | enp0s3 |  True | fe80::7c:dff:feb7:c32b/64 |       .       |  link | 02:7c:0d:b7:c3:2b |
[[0;32m  OK  [0m] Reached target Cloud-config availability.
[[0;32m  OK  [0m] Reached target System Initialization.
[[0;32m  OK  [0m] Listening on D-Bus System Message Bus Socket.
[[0;32m  OK  [0m] Listening on UUID daemon activation socket.[   28.728588] cloud-init[948]: ci-info: +--------+-------+---------------------------+---------------+-------+-------------------+
[   28.746876] cloud-init[948]: ci-info: +++++++++++++++++++++++++++Route IPv4 info++++++++++++++++++++++++++++
[   28.747029] cloud-init[948]: ci-info: +-------+-------------+----------+---------------+-----------+-------+
[   28.747151] cloud-init[948]: ci-info: | Route | Destination | Gateway  |    Genmask    | Interface | Flags |
[   28.747274] cloud-init[948]: ci-info: +-------+-------------+----------+---------------+-----------+-------+
[   28.747395] cloud-init[948]: ci-info: |   0   |   0.0.0.0   | 10.0.2.2 |    0.0.0.0    |   enp0s3  |   UG  |
[   28.747514] cloud-init[948]: ci-info: |   1   |   10.0.2.0  | 0.0.0.0  | 255.255.255.0 |   enp0s3  |   U   |
[   28.747636] cloud-init[948]: ci-info: +-------+-------------+----------+---------------+-----------+-------+
[   28.747754] cloud-init[948]: Generating public/private rsa key pair.
[   28.747889] cloud-init[948]: Your identification has been saved in /etc/ssh/ssh_host_rsa_key.
[   28.748030] cloud-init[948]: Your public key has been saved in /etc/ssh/ssh_host_rsa_key.pub.
[   28.748151] cloud-init[948]: The key fingerprint is:
[   28.748275] cloud-init[948]: SHA256:5AGqVUWTVI1CJe6BN3ySUeuTHo9pax08MtN0dZB/Va8 root@ubuntu-xenial
[   28.748392] cloud-init[948]: The key's randomart image is:
[   28.748515] cloud-init[948]: +---[RSA 2048]----+
[   28.748638] cloud-init[948]: |      o=O=+o  .oo|
[   28.748755] cloud-init[948]: |     o =o=... . =|
[   28.748871] cloud-init[948]: |    o . @.o    o+|

[   28.749658] cloud-init[948]: |   o   = B .. ..o|[[0;32m  OK  [0m] Listening on ACPID Listen Socket.
[[0;32m  OK  [0m] Started Timer to automatically refresh installed snaps.
[   29.715390] cloud-init[948]: |  .     S =+ .E .|
[   29.719418] 
[[0;32m  OK  [0m] Started Daily apt activities.cloud-init[948]: |         .+*=    |
[   29.727262] 
cloud-init[948]: |          ==.o   |
[   29.741254] cloud-init[948]: |         ....    |
[   29.751789] cloud-init[948]: |         ..      |
[   29.763700] cloud-init[948]: +----[SHA256]-----+         Starting Socket activation for snappy daemon.

[   29.868708] [cloud-init[0;32m  OK  [0m[948]: ] Generating public/private dsa key pair.Started Daily Cleanup of Temporary Directories.

[[0;32m  OK  [0m] Reached target Timers.
[   29.869796] cloud-init[948]: Your identification has been saved in /etc/ssh/ssh_host_dsa_key.
[   30.076830]          cloud-initStarting LXD - unix socket.[948]: 
Your public key has been saved in /etc/ssh/ssh_host_dsa_key.pub.
[   30.139350] [[0;32m  OK  [0m] Started ACPI Events Check.
cloud-init[948]: The key fingerprint is:
[   30.236816] cloud-init[948]: SHA256:bjZIeXhKm2YFGqFT1yfw2TEWXq14ZAWX7ASXQHIE/SA root@ubuntu-xenial
[   30.380786] cloud-init[948]: The key's randomart image is:
[   30.468705] cloud-init[948]: +---[DSA 1024]----+
[   30.552783] cloud-init[948]: |    o oo  B*OB+o |
[   30.636704] cloud-init[948]: |   o o .o=E*=o*  |
[   30.712726] cloud-init[948]: |  o . . ooo= *   |
[   30.752660] cloud-init[948]: |   . o +  . o o  |
[   30.776811] cloud-init[948]: |    . = S  .     |
[   30.836895] cloud-init[948]: |     o X         |
[   30.840491] cloud-init[948]: |      B =        |
[[0;32m  OK  [0m] Reached target Paths.
[   30.854957] cloud-init[948]: |     o o .       |
[   30.889187] cloud-init[948]: |                 |
[   30.972777] [cloud-init[0;32m  OK  [0m[948]: ] +----[SHA256]-----+Listening on Socket activation for snappy daemon.

[[0;32m  OK  [0m] Listening on LXD - unix socket.
[[0;32m  OK  [0m] Started iSCSI initiator daemon (iscsid).
[   30.973856] cloud-init[948]: Generating public/private ecdsa key pair.
[   31.462605] cloud-init[948]: Your identification has been saved in /etc/ssh/ssh_host_ecdsa_key.
[   31.605062] cloud-init[948]: Your public key has been saved in /etc/ssh/ssh_host_ecdsa_key.pub.
[   31.610793] cloud-init[948]: The key fingerprint is:
[   31.610924] cloud-init[948]: SHA256:Oe9yzpgX0qNE1LDXSmYFbjDr6x54sg6KVZ4QXehB0zk root@ubuntu-xenial
[   31.611066] cloud-init[948]: The key's randomart image is:
[   31.611188] cloud-init[948]: +---[ECDSA 256]---+
[   31.611308] cloud-init[948]: |   .oo..+o...    |
[   31.611424] cloud-init[948]: |   .ooE .*.o     |
[   31.611549] cloud-init[948]: |  .... oo B .    |
[   31.611731] cloud-init[948]: |   ..  ..B .     |
[   31.611852] cloud-init[948]: |  . .  .S..      |
[   31.611974] cloud-init[948]: |   + . .o++      |
[   31.612094] cloud-init[948]: |  . + o.+o.o     |
[   31.612224] cloud-init[948]: | o . . =o*o      |
[   31.612343] cloud-init[948]: |. .  .o.==+      |
[   31.612460] cloud-init[948]: +----[SHA256]-----+
[   31.612594] cloud-init[948]: Generating public/private ed25519 key pair.
[   31.612791] cloud-init[948]: Your identification has been saved in /etc/ssh/ssh_host_ed25519_key.
[   31.612917] cloud-init[948]: Your public key has been saved in /etc/ssh/ssh_host_ed25519_key.pub.
[   31.613038] cloud-init[948]: The key fingerprint is:
[   31.613156] cloud-init[948]: SHA256:i0JvG0/h1F8hTsWwLDdPms6Z5kilbBa6jXX82ChRgBo root@ubuntu-xenial
[   31.613279] cloud-init[948]: The key's randomart image is:
[   31.613396] cloud-init[948]: +--[ED25519 256]--+
[   31.613513] cloud-init[948]: |         .  .o.  |
[   31.613635] cloud-init[948]: |      E . .. o.  |
[   31.613750] cloud-init[948]: |       o  ..B o  |
[   31.613871] cloud-init[948]: |      .  . =.B . |
[   31.613988] cloud-init[948]: |    .   S o.= o  |
         Starting Login to default iSCSI targets...
[[0;32m  OK  [0m[   31.624948] ] cloud-initReached target Sockets.[948]: 
|   . . + =.O +   |
[   32.444725] [cloud-init[0;32m  OK  [0m[948]: ] |    . = = B.X    |Reached target Basic System.

[   32.445805] cloud-init[948]: |     o = O.= =   |
[   32.552036] cloud-init[948]: |      . + o.+ o  |
[   32.566478] cloud-init[948]: +----[SHA256]-----+
[[0;32m  OK  [0m] Started Deferred execution scheduler.
[[0;32m  OK  [0m] Started Unattended Upgrades Shutdown.
         Starting System Logging Service...
         Starting /etc/rc.local Compatibility...
         Starting Pollinate to seed the pseudo random number generator...
[[0;32m  OK  [0m] Started Snappy daemon.
         Starting Auto import assertions from block devices...
         Starting Apply the settings specified in cloud-config...
[[0;32m  OK  [0m] Started D-Bus System Message Bus.
         Starting LXD - container startup/shutdown...
         Starting LSB: MD monitoring daemon...
[[0;32m  OK  [0m] Started Regular background program processing daemon.
         Starting Accounts Service...
[[0;32m  OK  [0m] Started FUSE filesystem for LXC.
[[0;32m  OK  [0m] Started ACPI event daemon.
         Starting Login Service...
         Starting LSB: Record successful boot for GRUB...
[[0;32m  OK  [0m] Started System Logging Service.
[[0;32m  OK  [0m] Started /etc/rc.local Compatibility.
[[0;32m  OK  [0m] Started Auto import assertions from block devices.
[[0;32m  OK  [0m] Started Login to default iSCSI targets.
[[0;32m  OK  [0m] Started LSB: MD monitoring daemon.
[[0;32m  OK  [0m] Started Login Service.
         Starting Authenticate and Authorize Users to Run Privileged Tasks...
[[0;32m  OK  [0m] Reached target Remote File Systems (Pre).
[[0;32m  OK  [0m] Reached target Remote File Systems.
         Starting LSB: automatic crash report generation...
         Starting LSB: daemon to balance interrupts for SMP systems...
         Starting LSB: VirtualBox Linux Additions...
         Starting Permit User Sessions...
         Starting LSB: Set the CPU Frequency Scaling governor to "ondemand"...
[[0;32m  OK  [0m] Started LXD - container startup/shutdown.
[[0;32m  OK  [0m] Started LSB: Record successful boot for GRUB.
[[0;32m  OK  [0m] Started Permit User Sessions.
[[0;32m  OK  [0m] Started Authenticate and Authorize Users to Run Privileged Tasks.
[[0;32m  OK  [0m] Started Accounts Service.
         Starting Hold until boot process finishes up...
         Starting Terminate Plymouth Boot Screen...
[[0;32m  OK  [0m] Started LSB: Set the CPU Frequency Scaling governor to "ondemand".
[[0;32m  OK  [0m] Started Hold until boot process finishes up.
[[0;32m  OK  [0m] Started LSB: automatic crash report generation.
[[0;32m  OK  [0m] Started Terminate Plymouth Boot Screen.
[[0;32m  OK  [0m] Started LSB: daemon to balance interrupts for SMP systems.
         Starting Set console scheme...
[[0;32m  OK  [0m] Started Serial Getty on ttyS0.
[[0;32m  OK  [0m] Started Getty on tty1.
[[0;32m  OK  [0m] Reached target Login Prompts.
[[0;32m  OK  [0m] Started LSB: VirtualBox Linux Additions.
[[0;32m  OK  [0m] Started Set console scheme.
[[0;32m  OK  [0m] Started Pollinate to seed the pseudo random number generator.
         Starting OpenBSD Secure Shell server...
[[0;32m  OK  [0m] Started OpenBSD Secure Shell server.
[[0;32m  OK  [0m] Reached target Multi-User System.
[[0;32m  OK  [0m] Reached target Graphical Interface.
         Starting Update UTMP about System Runlevel Changes...
[[0;32m  OK  [0m] Started Update UTMP about System Runlevel Changes.
[   38.447083] cloud-init[1070]: Generating locales (this might take a while)...
[   42.424040] cloud-init[1070]:   en_US.UTF-8... done

[   42.437469] cloud-init[1070]: Generation complete.
Ubuntu 16.04.2 LTS ubuntu-xenial ttyS0

ubuntu-xenial login: [   44.322195] cloud-init[1070]: Cloud-init v. 0.7.9 running 'modules:config' at Sun, 30 Jul 2017 22:22:31 +0000. Up 37.83 seconds.
ci-info: +++++Authorized keys from /home/ubuntu/.ssh/authorized_keys for user ubuntu++++++
ci-info: +---------+-------------------------------------------------+---------+---------+
ci-info: | Keytype |                Fingerprint (md5)                | Options | Comment |
ci-info: +---------+-------------------------------------------------+---------+---------+
ci-info: | ssh-rsa | 21:ac:a7:9f:1e:70:e6:3c:ee:f8:58:a1:83:5a:84:1b |    -    | vagrant |
ci-info: +---------+-------------------------------------------------+---------+---------+
<14>Jul 30 22:22:40 ec2: 
<14>Jul 30 22:22:40 ec2: #############################################################
<14>Jul 30 22:22:40 ec2: -----BEGIN SSH HOST KEY FINGERPRINTS-----
<14>Jul 30 22:22:40 ec2: 1024 SHA256:bjZIeXhKm2YFGqFT1yfw2TEWXq14ZAWX7ASXQHIE/SA root@ubuntu-xenial (DSA)
<14>Jul 30 22:22:40 ec2: 256 SHA256:Oe9yzpgX0qNE1LDXSmYFbjDr6x54sg6KVZ4QXehB0zk root@ubuntu-xenial (ECDSA)
<14>Jul 30 22:22:40 ec2: 256 SHA256:i0JvG0/h1F8hTsWwLDdPms6Z5kilbBa6jXX82ChRgBo root@ubuntu-xenial (ED25519)
<14>Jul 30 22:22:40 ec2: 2048 SHA256:5AGqVUWTVI1CJe6BN3ySUeuTHo9pax08MtN0dZB/Va8 root@ubuntu-xenial (RSA)
<14>Jul 30 22:22:40 ec2: -----END SSH HOST KEY FINGERPRINTS-----
<14>Jul 30 22:22:40 ec2: #############################################################
-----BEGIN SSH HOST KEY KEYS-----
ecdsa-sha2-nistp256 AAAAE2VjZHNhLXNoYTItbmlzdHAyNTYAAAAIbmlzdHAyNTYAAABBBNUJyC8YTqAA8n4RPydlavFb6/zYewn+XoJqJp8v/3Afup6RPt2b2RMggImFvIivAvln4tzX+z7T/mXdV3vYct0= root@ubuntu-xenial
ssh-ed25519 AAAAC3NzaC1lZDI1NTE5AAAAINl7IBqizma8Dm7XQinuttNwLdcu3OQdPFIad4FnyL96 root@ubuntu-xenial
ssh-rsa AAAAB3NzaC1yc2EAAAADAQABAAABAQDcmLndfNmVIKcK2KDj963U7jX9tRSfPJzkIeERiQKLBdRkefhK+PDMZi8niyBa/G5m03hAX+83lAK7uNKp/KTSv3gszKhk/DtytkoPDLeFDzMNOMnX7Ni9HE1mKGwqca6Zc8Mb7JLVFPu9ZTKgzSAxNg8q1y8jYW0pRW2u5j/qdflykAqIiamqsZaPTwL/5B7hy5GOcAfNbjqEnTE2q7BvzpbratEYSk4ks/g0evrF6mSAA43T+TFy9wLZVRVLM14RmKJ99IUlXvR3ltZJ26MkFWv2eQBG6L/+A0bEfcaNmossj6KGGBbGupEXrVMEqIWQe0OLK/FFJqve47vikRyh root@ubuntu-xenial
-----END SSH HOST KEY KEYS-----
[   47.264045] cloud-init[1414]: Cloud-init v. 0.7.9 running 'modules:final' at Sun, 30 Jul 2017 22:22:39 +0000. Up 46.33 seconds.
[   47.265550] cloud-init[1414]: Cloud-init v. 0.7.9 finished at Sun, 30 Jul 2017 22:22:40 +0000. Datasource DataSourceNoCloud [seed=/dev/sdb][dsmode=net].  Up 47.04 seconds
